Using pre-set license
Built from '2021.2/staging' branch; Version is '2021.2.14f1 (bcb93e5482d2) revision 12368190'; Using compiler version '192829333'; Build Type 'Release'
OS: 'Windows 11  (10.0.22000) 64bit Core' Language: 'en' Physical Memory: 7958 MB
BatchMode: 1, IsHumanControllingUs: 0, StartBugReporterOnCrash: 0, Is64bit: 1, IsPro: 1

COMMAND LINE ARGUMENTS:
C:\Program Files\Unity\Hub\Editor\2021.2.14f1\Editor\Unity.exe
-adb2
-batchMode
-noUpm
-name
AssetImportWorker4
-projectPath
C:/Users/bulut/Desktop/Unity Projects/410/CIS410GameProgramming-TermProject/No Way Down
-logFile
Logs/AssetImportWorker4.log
-srvPort
59815
Successfully changed project path to: C:/Users/bulut/Desktop/Unity Projects/410/CIS410GameProgramming-TermProject/No Way Down
C:/Users/bulut/Desktop/Unity Projects/410/CIS410GameProgramming-TermProject/No Way Down
[UnityMemory] Configuration Parameters - Can be set up in boot.config
    "memorysetup-bucket-allocator-granularity=16"
    "memorysetup-bucket-allocator-bucket-count=8"
    "memorysetup-bucket-allocator-block-size=33554432"
    "memorysetup-bucket-allocator-block-count=8"
    "memorysetup-main-allocator-block-size=16777216"
    "memorysetup-thread-allocator-block-size=16777216"
    "memorysetup-gfx-main-allocator-block-size=16777216"
    "memorysetup-gfx-thread-allocator-block-size=16777216"
    "memorysetup-cache-allocator-block-size=4194304"
    "memorysetup-typetree-allocator-block-size=2097152"
    "memorysetup-profiler-bucket-allocator-granularity=16"
    "memorysetup-profiler-bucket-allocator-bucket-count=8"
    "memorysetup-profiler-bucket-allocator-block-size=33554432"
    "memorysetup-profiler-bucket-allocator-block-count=8"
    "memorysetup-profiler-allocator-block-size=16777216"
    "memorysetup-profiler-editor-allocator-block-size=1048576"
    "memorysetup-temp-allocator-size-main=16777216"
    "memorysetup-job-temp-allocator-block-size=2097152"
    "memorysetup-job-temp-allocator-block-size-background=1048576"
    "memorysetup-job-temp-allocator-reduction-small-platforms=262144"
    "memorysetup-temp-allocator-size-background-worker=32768"
    "memorysetup-temp-allocator-size-job-worker=262144"
    "memorysetup-temp-allocator-size-preload-manager=33554432"
    "memorysetup-temp-allocator-size-nav-mesh-worker=65536"
    "memorysetup-temp-allocator-size-audio-worker=65536"
    "memorysetup-temp-allocator-size-cloud-worker=32768"
    "memorysetup-temp-allocator-size-gi-baking-worker=262144"
    "memorysetup-temp-allocator-size-gfx=262144"
Refreshing native plugins compatible for Editor in 67.47 ms, found 3 plugins.
Preloading 0 native plugins for Editor in 0.00 ms.
Initialize engine version: 2021.2.14f1 (bcb93e5482d2)
[Subsystems] Discovering subsystems at path C:/Program Files/Unity/Hub/Editor/2021.2.14f1/Editor/Data/Resources/UnitySubsystems
[Subsystems] Discovering subsystems at path C:/Users/bulut/Desktop/Unity Projects/410/CIS410GameProgramming-TermProject/No Way Down/Assets
GfxDevice: creating device client; threaded=0; jobified=0
Direct3D:
    Version:  Direct3D 11.0 [level 11.1]
    Renderer: NVIDIA GeForce RTX 3060 (ID=0x2504)
    Vendor:   NVIDIA
    VRAM:     12142 MB
    Driver:   30.0.15.1165
Initialize mono
Mono path[0] = 'C:/Program Files/Unity/Hub/Editor/2021.2.14f1/Editor/Data/Managed'
Mono path[1] = 'C:/Program Files/Unity/Hub/Editor/2021.2.14f1/Editor/Data/MonoBleedingEdge/lib/mono/unityjit-win32'
Mono config path = 'C:/Program Files/Unity/Hub/Editor/2021.2.14f1/Editor/Data/MonoBleedingEdge/etc'
Using monoOptions --debugger-agent=transport=dt_socket,embedding=1,server=y,suspend=n,address=127.0.0.1:56012
Begin MonoManager ReloadAssembly
Registering precompiled unity dll's ...
Register platform support module: C:/Program Files/Unity/Hub/Editor/2021.2.14f1/Editor/Data/PlaybackEngines/WebGLSupport/UnityEditor.WebGL.Extensions.dll
Register platform support module: C:/Program Files/Unity/Hub/Editor/2021.2.14f1/Editor/Data/PlaybackEngines/WindowsStandaloneSupport/UnityEditor.WindowsStandalone.Extensions.dll
Registered in 0.003812 seconds.
Native extension for WindowsStandalone target not found
Native extension for WebGL target not found
Refreshing native plugins compatible for Editor in 65.44 ms, found 3 plugins.
Preloading 0 native plugins for Editor in 0.00 ms.
Mono: successfully reloaded assembly
- Completed reload, in  0.520 seconds
Domain Reload Profiling:
	ReloadAssembly (521ms)
		BeginReloadAssembly (64ms)
			ExecutionOrderSort (0ms)
			DisableScriptedObjects (0ms)
			BackupInstance (0ms)
			ReleaseScriptingObjects (0ms)
			CreateAndSetChildDomain (1ms)
		EndReloadAssembly (374ms)
			LoadAssemblies (62ms)
			RebuildTransferFunctionScriptingTraits (0ms)
			SetupTypeCache (87ms)
			ReleaseScriptCaches (0ms)
			RebuildScriptCaches (21ms)
			SetupLoadedEditorAssemblies (227ms)
				LogAssemblyErrors (0ms)
				InitializePlatformSupportModulesInManaged (7ms)
				SetLoadedEditorAssemblies (0ms)
				RefreshPlugins (66ms)
				BeforeProcessingInitializeOnLoad (1ms)
				ProcessInitializeOnLoadAttributes (117ms)
				ProcessInitializeOnLoadMethodAttributes (36ms)
				AfterProcessingInitializeOnLoad (0ms)
				EditorAssembliesLoaded (0ms)
			ExecutionOrderSort2 (0ms)
			AwakeInstancesAfterBackupRestoration (0ms)
Platform modules already initialized, skipping
Registering precompiled user dll's ...
Registered in 0.002568 seconds.
Begin MonoManager ReloadAssembly
Symbol file LoadedFromMemory doesn't match image C:\Users\bulut\Desktop\Unity Projects\410\CIS410GameProgramming-TermProject\No Way Down\Library\PackageCache\com.unity.visualscripting@1.7.6\Editor\VisualScripting.Core\Dependencies\YamlDotNet\Unity.VisualScripting.YamlDotNet.dll
Symbol file LoadedFromMemory doesn't match image C:\Users\bulut\Desktop\Unity Projects\410\CIS410GameProgramming-TermProject\No Way Down\Library\PackageCache\com.unity.visualscripting@1.7.6\Editor\VisualScripting.Core\Dependencies\DotNetZip\Unity.VisualScripting.IonicZip.dll
Native extension for WindowsStandalone target not found
Native extension for WebGL target not found
Refreshing native plugins compatible for Editor in 0.74 ms, found 3 plugins.
Preloading 0 native plugins for Editor in 0.00 ms.
Mono: successfully reloaded assembly
- Completed reload, in  0.770 seconds
Domain Reload Profiling:
	ReloadAssembly (770ms)
		BeginReloadAssembly (80ms)
			ExecutionOrderSort (0ms)
			DisableScriptedObjects (4ms)
			BackupInstance (0ms)
			ReleaseScriptingObjects (0ms)
			CreateAndSetChildDomain (15ms)
		EndReloadAssembly (606ms)
			LoadAssemblies (60ms)
			RebuildTransferFunctionScriptingTraits (0ms)
			SetupTypeCache (191ms)
			ReleaseScriptCaches (1ms)
			RebuildScriptCaches (38ms)
			SetupLoadedEditorAssemblies (283ms)
				LogAssemblyErrors (0ms)
				InitializePlatformSupportModulesInManaged (5ms)
				SetLoadedEditorAssemblies (0ms)
				RefreshPlugins (1ms)
				BeforeProcessingInitializeOnLoad (60ms)
				ProcessInitializeOnLoadAttributes (194ms)
				ProcessInitializeOnLoadMethodAttributes (20ms)
				AfterProcessingInitializeOnLoad (4ms)
				EditorAssembliesLoaded (0ms)
			ExecutionOrderSort2 (0ms)
			AwakeInstancesAfterBackupRestoration (5ms)
Platform modules already initialized, skipping
========================================================================
Worker process is ready to serve import requests
Launched and connected shader compiler UnityShaderCompiler.exe after 0.05 seconds
Refreshing native plugins compatible for Editor in 0.52 ms, found 3 plugins.
Preloading 0 native plugins for Editor in 0.00 ms.
Unloading 3247 Unused Serialized files (Serialized files now loaded: 0)
Unloading 21 unused Assets / (55.8 KB). Loaded Objects now: 3723.
Memory consumption went from 123.8 MB to 123.7 MB.
Total: 2.366500 ms (FindLiveObjects: 0.229100 ms CreateObjectMapping: 0.098200 ms MarkObjects: 1.971800 ms  DeleteObjects: 0.066700 ms)

AssetImportParameters requested are different than current active one (requested -> active):
  custom:video-decoder-ogg-theora: a1e56fd34408186e4bbccfd4996cb3dc -> 
  custom:container-muxer-webm: aa71ff27fc2769a1b78a27578f13a17b -> 
  custom:container-demuxer-webm: 4f35f7cbe854078d1ac9338744f61a02 -> 
  custom:video-encoder-webm-vp8: eb34c28f22e8b96e1ab97ce403110664 -> 
  custom:audio-encoder-webm-vorbis: bf7c407c2cedff20999df2af8eb42d56 -> 
  custom:framework-win-MediaFoundation: 216162199b28c13a410421893ffa2e32 -> 
  custom:container-demuxer-ogg: 62fdf1f143b41e24485cea50d1cbac27 -> 
  custom:video-decoder-webm-vp8: 9c59270c3fd7afecdb556c50c9e8de78 -> 
  custom:audio-decoder-ogg-vorbis: bf7c407c2cedff20999df2af8eb42d56 -> 
========================================================================
Received Import Request.
  Time since last request: 2198373.149846 seconds.
  path: Assets/Cartoon arms/Scenes
  artifactKey: Guid(9ae87a6217aef544ea3eb5fdf9996caf) Importer(815301076,1909f56bfc062723c751e8b465ee728b)
Start importing Assets/Cartoon arms/Scenes using Guid(9ae87a6217aef544ea3eb5fdf9996caf) Importer(815301076,1909f56bfc062723c751e8b465ee728b)  -> (artifact id: 'd69006c2465b644016d64d6a57324c7b') in 0.012694 seconds 
========================================================================
Received Import Request.
  Time since last request: 0.930173 seconds.
  path: Assets/Cartoon arms/Scenes/Demo.unity
  artifactKey: Guid(39c394403f40e924f8340624e7e4fe85) Importer(815301076,1909f56bfc062723c751e8b465ee728b)
Start importing Assets/Cartoon arms/Scenes/Demo.unity using Guid(39c394403f40e924f8340624e7e4fe85) Importer(815301076,1909f56bfc062723c751e8b465ee728b)  -> (artifact id: 'c51e094951c640de4e45a62535c8a2e1') in 0.005486 seconds 
========================================================================
Received Import Request.
  Time since last request: 15.031564 seconds.
  path: Assets/Cartoon arms/Prefabs/Arms.prefab
  artifactKey: Guid(b03d6abfee9243c45a217e6028cc249f) Importer(815301076,1909f56bfc062723c751e8b465ee728b)
Start importing Assets/Cartoon arms/Prefabs/Arms.prefab using Guid(b03d6abfee9243c45a217e6028cc249f) Importer(815301076,1909f56bfc062723c751e8b465ee728b)  -> (artifact id: '7062aa8351e840e22a2f886bef66b804') in 0.316562 seconds 
========================================================================
Received Import Request.
  Time since last request: 0.000111 seconds.
  path: Assets/Cartoon arms/Prefabs/m49.prefab
  artifactKey: Guid(b563ff9db05d3534d868feaffcb86d08) Importer(815301076,1909f56bfc062723c751e8b465ee728b)
Start importing Assets/Cartoon arms/Prefabs/m49.prefab using Guid(b563ff9db05d3534d868feaffcb86d08) Importer(815301076,1909f56bfc062723c751e8b465ee728b)  -> (artifact id: '99c1cc072b8f79369393720279c5c632') in 0.059317 seconds 
========================================================================
Received Import Request.
  Time since last request: 47.656843 seconds.
  path: Assets/Scenes/Level1.unity
  artifactKey: Guid(9fc0d4010bbf28b4594072e72b8655ab) Importer(815301076,1909f56bfc062723c751e8b465ee728b)
Start importing Assets/Scenes/Level1.unity using Guid(9fc0d4010bbf28b4594072e72b8655ab) Importer(815301076,1909f56bfc062723c751e8b465ee728b)  -> (artifact id: '78f94a297b20125ec98de7a7028a2cfb') in 0.004576 seconds 
========================================================================
Received Import Request.
  Time since last request: 7.918309 seconds.
  path: Assets/Third Party Assets/Cartoon arms
  artifactKey: Guid(fe809e20e155b4b40a802ae19123a8e2) Importer(815301076,1909f56bfc062723c751e8b465ee728b)
Start importing Assets/Third Party Assets/Cartoon arms using Guid(fe809e20e155b4b40a802ae19123a8e2) Importer(815301076,1909f56bfc062723c751e8b465ee728b)  -> (artifact id: 'ec9c3981f585456ad50f1cfb347f689a') in 0.006255 seconds 
========================================================================
Received Import Request.
  Time since last request: 12.514985 seconds.
  path: Assets/Third Party Assets/Cartoon arms/Prefabs
  artifactKey: Guid(03078518d594f9f4aa9e963530266d84) Importer(815301076,1909f56bfc062723c751e8b465ee728b)
Start importing Assets/Third Party Assets/Cartoon arms/Prefabs using Guid(03078518d594f9f4aa9e963530266d84) Importer(815301076,1909f56bfc062723c751e8b465ee728b)  -> (artifact id: 'f8a39d0f401b902746c70ceb9ff5d356') in 0.006143 seconds 
========================================================================
Received Import Request.
  Time since last request: 32.784896 seconds.
  path: Assets/Third Party Assets/Cartoon arms/Scenes/DemoSettings.lighting
  artifactKey: Guid(e03c512be83e87948a49d351c6b06e59) Importer(815301076,1909f56bfc062723c751e8b465ee728b)
Start importing Assets/Third Party Assets/Cartoon arms/Scenes/DemoSettings.lighting using Guid(e03c512be83e87948a49d351c6b06e59) Importer(815301076,1909f56bfc062723c751e8b465ee728b) LightingSettings: switching bake backend from 1 to 0.
 -> (artifact id: 'e84a0b6119f584d906766419493c82e9') in 0.007277 seconds 
========================================================================
Received Import Request.
  Time since last request: 5.695247 seconds.
  path: Assets/Third Party Assets/Cartoon arms/Smoke
  artifactKey: Guid(4bf39687c0f44384f825d12da7f23ba3) Importer(815301076,1909f56bfc062723c751e8b465ee728b)
Start importing Assets/Third Party Assets/Cartoon arms/Smoke using Guid(4bf39687c0f44384f825d12da7f23ba3) Importer(815301076,1909f56bfc062723c751e8b465ee728b)  -> (artifact id: 'cb379cf97a1f28c3ed48fed07105880a') in 0.005044 seconds 
========================================================================
Received Import Request.
  Time since last request: 0.047448 seconds.
  path: Assets/Third Party Assets/Cartoon arms/Smoke/Cartoon Smoke Red.prefab
  artifactKey: Guid(b61b4b92d0a253a4ca0fa07468bad574) Importer(815301076,1909f56bfc062723c751e8b465ee728b)
Start importing Assets/Third Party Assets/Cartoon arms/Smoke/Cartoon Smoke Red.prefab using Guid(b61b4b92d0a253a4ca0fa07468bad574) Importer(815301076,1909f56bfc062723c751e8b465ee728b)  -> (artifact id: '31ca963cbee7266c3b8fa7db36b6212c') in 0.035280 seconds 
========================================================================
Received Import Request.
  Time since last request: 0.000019 seconds.
  path: Assets/Third Party Assets/Cartoon arms/Smoke/Smoke.png
  artifactKey: Guid(74c9d37b3e4ce3c40bef739edcadc263) Importer(815301076,1909f56bfc062723c751e8b465ee728b)
Start importing Assets/Third Party Assets/Cartoon arms/Smoke/Smoke.png using Guid(74c9d37b3e4ce3c40bef739edcadc263) Importer(815301076,1909f56bfc062723c751e8b465ee728b)  -> (artifact id: 'd5a004ce4234c3ef4f6ebfbcb1694356') in 0.053606 seconds 
========================================================================
Received Import Request.
  Time since last request: 3.583068 seconds.
  path: Assets/Third Party Assets/Cartoon arms/Prefabs/M18.prefab
  artifactKey: Guid(2329cf8a61da0b84aa29727d5d111a9e) Importer(815301076,1909f56bfc062723c751e8b465ee728b)
Start importing Assets/Third Party Assets/Cartoon arms/Prefabs/M18.prefab using Guid(2329cf8a61da0b84aa29727d5d111a9e) Importer(815301076,1909f56bfc062723c751e8b465ee728b)  -> (artifact id: '461e22fc4c793088ad5bd242a9e19133') in 0.038055 seconds 
========================================================================
Received Import Request.
  Time since last request: 3.661591 seconds.
  path: Assets/Third Party Assets/Cartoon arms/Models
  artifactKey: Guid(e244b02776215544aa1a20861d531ae8) Importer(815301076,1909f56bfc062723c751e8b465ee728b)
Start importing Assets/Third Party Assets/Cartoon arms/Models using Guid(e244b02776215544aa1a20861d531ae8) Importer(815301076,1909f56bfc062723c751e8b465ee728b)  -> (artifact id: 'db5fdc499a26797871a9e896dc1ff82e') in 0.010944 seconds 
========================================================================
Received Import Request.
  Time since last request: 19.780003 seconds.
  path: Assets/Standard Assets/Characters
  artifactKey: Guid(625b9b27ee5c5d74296ebe35d54d2950) Importer(815301076,1909f56bfc062723c751e8b465ee728b)
Start importing Assets/Standard Assets/Characters using Guid(625b9b27ee5c5d74296ebe35d54d2950) Importer(815301076,1909f56bfc062723c751e8b465ee728b)  -> (artifact id: 'd3e02849edf42eb989d8618661a6900c') in 0.005793 seconds 
========================================================================
Received Import Request.
  Time since last request: 0.491726 seconds.
  path: Assets/Standard Assets/Characters/FirstPersonCharacter
  artifactKey: Guid(cd0e2f8e295087c448c829519566e090) Importer(815301076,1909f56bfc062723c751e8b465ee728b)
Start importing Assets/Standard Assets/Characters/FirstPersonCharacter using Guid(cd0e2f8e295087c448c829519566e090) Importer(815301076,1909f56bfc062723c751e8b465ee728b)  -> (artifact id: '4924f434b3f4d42b531d3b330e1e5837') in 0.005814 seconds 
========================================================================
Received Import Request.
  Time since last request: 1.475806 seconds.
  path: Assets/Standard Assets/Characters/FirstPersonCharacter/Prefabs
  artifactKey: Guid(6906f8275e9b225438151fc2c9346ee5) Importer(815301076,1909f56bfc062723c751e8b465ee728b)
Start importing Assets/Standard Assets/Characters/FirstPersonCharacter/Prefabs using Guid(6906f8275e9b225438151fc2c9346ee5) Importer(815301076,1909f56bfc062723c751e8b465ee728b)  -> (artifact id: '60e77f843921f44b00de69b15e521747') in 0.001910 seconds 
========================================================================
Received Import Request.
  Time since last request: 0.027226 seconds.
  path: Assets/Standard Assets/Characters/FirstPersonCharacter/Prefabs/FPSController.prefab
  artifactKey: Guid(5e9e851c0e142814dac026a256ba2ac0) Importer(815301076,1909f56bfc062723c751e8b465ee728b)
Start importing Assets/Standard Assets/Characters/FirstPersonCharacter/Prefabs/FPSController.prefab using Guid(5e9e851c0e142814dac026a256ba2ac0) Importer(815301076,1909f56bfc062723c751e8b465ee728b)  -> (artifact id: 'f49e7af489546c31807cc37806ebf32d') in 0.010066 seconds 
========================================================================
Received Prepare
Registering precompiled user dll's ...
Registered in 0.002326 seconds.
Begin MonoManager ReloadAssembly
Symbol file LoadedFromMemory doesn't match image C:\Users\bulut\Desktop\Unity Projects\410\CIS410GameProgramming-TermProject\No Way Down\Library\PackageCache\com.unity.visualscripting@1.7.6\Editor\VisualScripting.Core\Dependencies\YamlDotNet\Unity.VisualScripting.YamlDotNet.dll
Symbol file LoadedFromMemory doesn't match image C:\Users\bulut\Desktop\Unity Projects\410\CIS410GameProgramming-TermProject\No Way Down\Library\PackageCache\com.unity.visualscripting@1.7.6\Editor\VisualScripting.Core\Dependencies\DotNetZip\Unity.VisualScripting.IonicZip.dll
Native extension for WindowsStandalone target not found
Native extension for WebGL target not found
Refreshing native plugins compatible for Editor in 0.56 ms, found 3 plugins.
Preloading 0 native plugins for Editor in 0.00 ms.
Mono: successfully reloaded assembly
- Completed reload, in  0.881 seconds
Domain Reload Profiling:
	ReloadAssembly (881ms)
		BeginReloadAssembly (138ms)
			ExecutionOrderSort (0ms)
			DisableScriptedObjects (5ms)
			BackupInstance (0ms)
			ReleaseScriptingObjects (0ms)
			CreateAndSetChildDomain (46ms)
		EndReloadAssembly (640ms)
			LoadAssemblies (75ms)
			RebuildTransferFunctionScriptingTraits (0ms)
			SetupTypeCache (259ms)
			ReleaseScriptCaches (1ms)
			RebuildScriptCaches (29ms)
			SetupLoadedEditorAssemblies (249ms)
				LogAssemblyErrors (0ms)
				InitializePlatformSupportModulesInManaged (11ms)
				SetLoadedEditorAssemblies (0ms)
				RefreshPlugins (1ms)
				BeforeProcessingInitializeOnLoad (44ms)
				ProcessInitializeOnLoadAttributes (172ms)
				ProcessInitializeOnLoadMethodAttributes (17ms)
				AfterProcessingInitializeOnLoad (4ms)
				EditorAssembliesLoaded (0ms)
			ExecutionOrderSort2 (0ms)
			AwakeInstancesAfterBackupRestoration (5ms)
Platform modules already initialized, skipping
Refreshing native plugins compatible for Editor in 1.31 ms, found 3 plugins.
Preloading 0 native plugins for Editor in 0.00 ms.
Unloading 3225 Unused Serialized files (Serialized files now loaded: 0)
Unloading 15 unused Assets / (24.7 KB). Loaded Objects now: 3734.
Memory consumption went from 126.9 MB to 126.9 MB.
Total: 4.176200 ms (FindLiveObjects: 0.230000 ms CreateObjectMapping: 0.103500 ms MarkObjects: 3.787700 ms  DeleteObjects: 0.053600 ms)

AssetImportParameters requested are different than current active one (requested -> active):
  custom:video-decoder-ogg-theora: a1e56fd34408186e4bbccfd4996cb3dc -> 
  custom:container-muxer-webm: aa71ff27fc2769a1b78a27578f13a17b -> 
  custom:container-demuxer-webm: 4f35f7cbe854078d1ac9338744f61a02 -> 
  custom:video-encoder-webm-vp8: eb34c28f22e8b96e1ab97ce403110664 -> 
  custom:audio-encoder-webm-vorbis: bf7c407c2cedff20999df2af8eb42d56 -> 
  custom:framework-win-MediaFoundation: 216162199b28c13a410421893ffa2e32 -> 
  custom:container-demuxer-ogg: 62fdf1f143b41e24485cea50d1cbac27 -> 
  custom:video-decoder-webm-vp8: 9c59270c3fd7afecdb556c50c9e8de78 -> 
  custom:audio-decoder-ogg-vorbis: bf7c407c2cedff20999df2af8eb42d56 -> 
========================================================================
Received Prepare
Registering precompiled user dll's ...
Registered in 0.003921 seconds.
Begin MonoManager ReloadAssembly
Symbol file LoadedFromMemory doesn't match image C:\Users\bulut\Desktop\Unity Projects\410\CIS410GameProgramming-TermProject\No Way Down\Library\PackageCache\com.unity.visualscripting@1.7.6\Editor\VisualScripting.Core\Dependencies\YamlDotNet\Unity.VisualScripting.YamlDotNet.dll
Symbol file LoadedFromMemory doesn't match image C:\Users\bulut\Desktop\Unity Projects\410\CIS410GameProgramming-TermProject\No Way Down\Library\PackageCache\com.unity.visualscripting@1.7.6\Editor\VisualScripting.Core\Dependencies\DotNetZip\Unity.VisualScripting.IonicZip.dll
Native extension for WindowsStandalone target not found
Native extension for WebGL target not found
Refreshing native plugins compatible for Editor in 0.62 ms, found 3 plugins.
Preloading 0 native plugins for Editor in 0.00 ms.
Mono: successfully reloaded assembly
- Completed reload, in  0.873 seconds
Domain Reload Profiling:
	ReloadAssembly (874ms)
		BeginReloadAssembly (105ms)
			ExecutionOrderSort (0ms)
			DisableScriptedObjects (4ms)
			BackupInstance (0ms)
			ReleaseScriptingObjects (0ms)
			CreateAndSetChildDomain (28ms)
		EndReloadAssembly (690ms)
			LoadAssemblies (60ms)
			RebuildTransferFunctionScriptingTraits (0ms)
			SetupTypeCache (244ms)
			ReleaseScriptCaches (1ms)
			RebuildScriptCaches (37ms)
			SetupLoadedEditorAssemblies (305ms)
				LogAssemblyErrors (0ms)
				InitializePlatformSupportModulesInManaged (12ms)
				SetLoadedEditorAssemblies (0ms)
				RefreshPlugins (1ms)
				BeforeProcessingInitializeOnLoad (51ms)
				ProcessInitializeOnLoadAttributes (214ms)
				ProcessInitializeOnLoadMethodAttributes (22ms)
				AfterProcessingInitializeOnLoad (5ms)
				EditorAssembliesLoaded (0ms)
			ExecutionOrderSort2 (0ms)
			AwakeInstancesAfterBackupRestoration (8ms)
Platform modules already initialized, skipping
Refreshing native plugins compatible for Editor in 1.94 ms, found 3 plugins.
Preloading 0 native plugins for Editor in 0.00 ms.
Unloading 3225 Unused Serialized files (Serialized files now loaded: 0)
Unloading 14 unused Assets / (24.7 KB). Loaded Objects now: 3736.
Memory consumption went from 126.9 MB to 126.9 MB.
Total: 3.237700 ms (FindLiveObjects: 0.393000 ms CreateObjectMapping: 0.159000 ms MarkObjects: 2.663100 ms  DeleteObjects: 0.021300 ms)

AssetImportParameters requested are different than current active one (requested -> active):
  custom:video-decoder-ogg-theora: a1e56fd34408186e4bbccfd4996cb3dc -> 
  custom:container-muxer-webm: aa71ff27fc2769a1b78a27578f13a17b -> 
  custom:container-demuxer-webm: 4f35f7cbe854078d1ac9338744f61a02 -> 
  custom:video-encoder-webm-vp8: eb34c28f22e8b96e1ab97ce403110664 -> 
  custom:audio-encoder-webm-vorbis: bf7c407c2cedff20999df2af8eb42d56 -> 
  custom:framework-win-MediaFoundation: 216162199b28c13a410421893ffa2e32 -> 
  custom:container-demuxer-ogg: 62fdf1f143b41e24485cea50d1cbac27 -> 
  custom:video-decoder-webm-vp8: 9c59270c3fd7afecdb556c50c9e8de78 -> 
  custom:audio-decoder-ogg-vorbis: bf7c407c2cedff20999df2af8eb42d56 -> 
========================================================================
Received Prepare
Registering precompiled user dll's ...
Registered in 0.002371 seconds.
Begin MonoManager ReloadAssembly
Symbol file LoadedFromMemory doesn't match image C:\Users\bulut\Desktop\Unity Projects\410\CIS410GameProgramming-TermProject\No Way Down\Library\PackageCache\com.unity.visualscripting@1.7.6\Editor\VisualScripting.Core\Dependencies\YamlDotNet\Unity.VisualScripting.YamlDotNet.dll
Symbol file LoadedFromMemory doesn't match image C:\Users\bulut\Desktop\Unity Projects\410\CIS410GameProgramming-TermProject\No Way Down\Library\PackageCache\com.unity.visualscripting@1.7.6\Editor\VisualScripting.Core\Dependencies\DotNetZip\Unity.VisualScripting.IonicZip.dll
Native extension for WindowsStandalone target not found
Native extension for WebGL target not found
Refreshing native plugins compatible for Editor in 0.70 ms, found 3 plugins.
Preloading 0 native plugins for Editor in 0.00 ms.
Mono: successfully reloaded assembly
- Completed reload, in  0.888 seconds
Domain Reload Profiling:
	ReloadAssembly (889ms)
		BeginReloadAssembly (106ms)
			ExecutionOrderSort (0ms)
			DisableScriptedObjects (5ms)
			BackupInstance (0ms)
			ReleaseScriptingObjects (0ms)
			CreateAndSetChildDomain (28ms)
		EndReloadAssembly (710ms)
			LoadAssemblies (57ms)
			RebuildTransferFunctionScriptingTraits (0ms)
			SetupTypeCache (224ms)
			ReleaseScriptCaches (1ms)
			RebuildScriptCaches (38ms)
			SetupLoadedEditorAssemblies (341ms)
				LogAssemblyErrors (0ms)
				InitializePlatformSupportModulesInManaged (13ms)
				SetLoadedEditorAssemblies (1ms)
				RefreshPlugins (1ms)
				BeforeProcessingInitializeOnLoad (56ms)
				ProcessInitializeOnLoadAttributes (240ms)
				ProcessInitializeOnLoadMethodAttributes (24ms)
				AfterProcessingInitializeOnLoad (5ms)
				EditorAssembliesLoaded (0ms)
			ExecutionOrderSort2 (0ms)
			AwakeInstancesAfterBackupRestoration (7ms)
Platform modules already initialized, skipping
Refreshing native plugins compatible for Editor in 1.59 ms, found 3 plugins.
Preloading 0 native plugins for Editor in 0.00 ms.
Unloading 3225 Unused Serialized files (Serialized files now loaded: 0)
Unloading 14 unused Assets / (24.8 KB). Loaded Objects now: 3738.
Memory consumption went from 126.9 MB to 126.9 MB.
Total: 2.659200 ms (FindLiveObjects: 0.333400 ms CreateObjectMapping: 0.142200 ms MarkObjects: 2.158000 ms  DeleteObjects: 0.024600 ms)

AssetImportParameters requested are different than current active one (requested -> active):
  custom:video-decoder-ogg-theora: a1e56fd34408186e4bbccfd4996cb3dc -> 
  custom:container-muxer-webm: aa71ff27fc2769a1b78a27578f13a17b -> 
  custom:container-demuxer-webm: 4f35f7cbe854078d1ac9338744f61a02 -> 
  custom:video-encoder-webm-vp8: eb34c28f22e8b96e1ab97ce403110664 -> 
  custom:audio-encoder-webm-vorbis: bf7c407c2cedff20999df2af8eb42d56 -> 
  custom:framework-win-MediaFoundation: 216162199b28c13a410421893ffa2e32 -> 
  custom:container-demuxer-ogg: 62fdf1f143b41e24485cea50d1cbac27 -> 
  custom:video-decoder-webm-vp8: 9c59270c3fd7afecdb556c50c9e8de78 -> 
  custom:audio-decoder-ogg-vorbis: bf7c407c2cedff20999df2af8eb42d56 -> 
========================================================================
Received Import Request.
  Time since last request: 312.987156 seconds.
  path: Assets/Fantasy Swords (PBR)/Materials/Sword01.mat
  artifactKey: Guid(7ee116d205e67b441a85410366e92319) Importer(815301076,1909f56bfc062723c751e8b465ee728b)
Start importing Assets/Fantasy Swords (PBR)/Materials/Sword01.mat using Guid(7ee116d205e67b441a85410366e92319) Importer(815301076,1909f56bfc062723c751e8b465ee728b)  -> (artifact id: 'ef82da4ce430e9b53c9c9012ae84f554') in 1.070820 seconds 
========================================================================
Received Import Request.
  Time since last request: 0.001494 seconds.
  path: Assets/Fantasy Swords (PBR)/Materials/Sword08.mat
  artifactKey: Guid(f32881021a7192146a4c880cf16ef3f7) Importer(815301076,1909f56bfc062723c751e8b465ee728b)
Start importing Assets/Fantasy Swords (PBR)/Materials/Sword08.mat using Guid(f32881021a7192146a4c880cf16ef3f7) Importer(815301076,1909f56bfc062723c751e8b465ee728b)  -> (artifact id: 'b13b484d61d5a1d7ec1ec85c29e493b5') in 0.079494 seconds 
========================================================================
Received Import Request.
  Time since last request: 0.000082 seconds.
  path: Assets/Fantasy Swords (PBR)/Materials/Sword09.mat
  artifactKey: Guid(f49b5e8633b7ac143ac1a4624485e499) Importer(815301076,1909f56bfc062723c751e8b465ee728b)
Start importing Assets/Fantasy Swords (PBR)/Materials/Sword09.mat using Guid(f49b5e8633b7ac143ac1a4624485e499) Importer(815301076,1909f56bfc062723c751e8b465ee728b)  -> (artifact id: '7d316c830328974f1f2d39a436e17a05') in 0.171492 seconds 
========================================================================
Received Import Request.
  Time since last request: 0.000051 seconds.
  path: Assets/Fantasy Swords (PBR)/Materials/Sword07.mat
  artifactKey: Guid(6a5197731cd070543bc2a7883c2f3653) Importer(815301076,1909f56bfc062723c751e8b465ee728b)
Start importing Assets/Fantasy Swords (PBR)/Materials/Sword07.mat using Guid(6a5197731cd070543bc2a7883c2f3653) Importer(815301076,1909f56bfc062723c751e8b465ee728b)  -> (artifact id: '2a70a771fd4dccf632fa2c617bd3ec22') in 0.288746 seconds 
========================================================================
Received Import Request.
  Time since last request: 1.903590 seconds.
  path: Assets/Fantasy Swords (PBR)/Models/Sword01_LowPoly.obj
  artifactKey: Guid(0cdf63d7132359b48919784b847c4b34) Importer(815301076,1909f56bfc062723c751e8b465ee728b)
Start importing Assets/Fantasy Swords (PBR)/Models/Sword01_LowPoly.obj using Guid(0cdf63d7132359b48919784b847c4b34) Importer(815301076,1909f56bfc062723c751e8b465ee728b)  -> (artifact id: 'eed6b2ec4fcedd204fdd6a55aafa03eb') in 0.086613 seconds 
========================================================================
Received Import Request.
  Time since last request: 0.000027 seconds.
  path: Assets/Fantasy Swords (PBR)/Models/Sword05_LowPoly.obj
  artifactKey: Guid(e2e36f40ab82a4844b5c93a2ef36a388) Importer(815301076,1909f56bfc062723c751e8b465ee728b)
Start importing Assets/Fantasy Swords (PBR)/Models/Sword05_LowPoly.obj using Guid(e2e36f40ab82a4844b5c93a2ef36a388) Importer(815301076,1909f56bfc062723c751e8b465ee728b)  -> (artifact id: 'f57a8203569c4b220781a061a1ceef17') in 0.053441 seconds 
========================================================================
Received Import Request.
  Time since last request: 0.000023 seconds.
  path: Assets/Fantasy Swords (PBR)/Models/Sword09_LowPoly.obj
  artifactKey: Guid(5a4d8e6e2686ad240a0e34d20983da46) Importer(815301076,1909f56bfc062723c751e8b465ee728b)
Start importing Assets/Fantasy Swords (PBR)/Models/Sword09_LowPoly.obj using Guid(5a4d8e6e2686ad240a0e34d20983da46) Importer(815301076,1909f56bfc062723c751e8b465ee728b)  -> (artifact id: '731636662eed4d0dafb707ef08d622f3') in 0.029734 seconds 
========================================================================
Received Import Request.
  Time since last request: 0.000036 seconds.
  path: Assets/Fantasy Swords (PBR)/Models/Sword03_LowPoly.obj
  artifactKey: Guid(329273ee7c84b2f4abd40de455d26d54) Importer(815301076,1909f56bfc062723c751e8b465ee728b)
Start importing Assets/Fantasy Swords (PBR)/Models/Sword03_LowPoly.obj using Guid(329273ee7c84b2f4abd40de455d26d54) Importer(815301076,1909f56bfc062723c751e8b465ee728b)  -> (artifact id: '409dd9ef381bbba05967cd2997195669') in 0.026912 seconds 
========================================================================
Received Import Request.
  Time since last request: 0.000025 seconds.
  path: Assets/Fantasy Swords (PBR)/Models/Sword10_LowPoly.obj
  artifactKey: Guid(038af9e3bf5741340a9a14740278b32c) Importer(815301076,1909f56bfc062723c751e8b465ee728b)
Start importing Assets/Fantasy Swords (PBR)/Models/Sword10_LowPoly.obj using Guid(038af9e3bf5741340a9a14740278b32c) Importer(815301076,1909f56bfc062723c751e8b465ee728b)  -> (artifact id: '02f50aa9ba8b602e48c4fd372a73fa27') in 0.034800 seconds 
========================================================================
Received Import Request.
  Time since last request: 0.169387 seconds.
  path: Assets/Fantasy Swords (PBR)/Prefabs/Sword01_LowPoly.prefab
  artifactKey: Guid(6217b7b03b1e2194e9953f612b2ecc07) Importer(815301076,1909f56bfc062723c751e8b465ee728b)
Start importing Assets/Fantasy Swords (PBR)/Prefabs/Sword01_LowPoly.prefab using Guid(6217b7b03b1e2194e9953f612b2ecc07) Importer(815301076,1909f56bfc062723c751e8b465ee728b)  -> (artifact id: '942300780bda5c246e6caffa4c91d394') in 0.056672 seconds 
========================================================================
Received Import Request.
  Time since last request: 0.000028 seconds.
  path: Assets/Fantasy Swords (PBR)/Prefabs/Sword05_LowPoly.prefab
  artifactKey: Guid(c40219555aaac6f48ad5425c950e7f92) Importer(815301076,1909f56bfc062723c751e8b465ee728b)
Start importing Assets/Fantasy Swords (PBR)/Prefabs/Sword05_LowPoly.prefab using Guid(c40219555aaac6f48ad5425c950e7f92) Importer(815301076,1909f56bfc062723c751e8b465ee728b)  -> (artifact id: 'a541fde5fa483913530f1b8356388072') in 0.032597 seconds 
========================================================================
Received Import Request.
  Time since last request: 0.000049 seconds.
  path: Assets/Fantasy Swords (PBR)/Prefabs/Sword07_LowPoly.prefab
  artifactKey: Guid(30441164cf6022746beea0700428ea35) Importer(815301076,1909f56bfc062723c751e8b465ee728b)
Start importing Assets/Fantasy Swords (PBR)/Prefabs/Sword07_LowPoly.prefab using Guid(30441164cf6022746beea0700428ea35) Importer(815301076,1909f56bfc062723c751e8b465ee728b)  -> (artifact id: 'f7189467f068773b92345f8b602e5b43') in 0.036397 seconds 
========================================================================
Received Import Request.
  Time since last request: 0.000036 seconds.
  path: Assets/Fantasy Swords (PBR)/Prefabs/Sword06_LowPoly.prefab
  artifactKey: Guid(1ecc3d71e37fd5d4a82f80096aa9ba53) Importer(815301076,1909f56bfc062723c751e8b465ee728b)
Start importing Assets/Fantasy Swords (PBR)/Prefabs/Sword06_LowPoly.prefab using Guid(1ecc3d71e37fd5d4a82f80096aa9ba53) Importer(815301076,1909f56bfc062723c751e8b465ee728b)  -> (artifact id: 'bad27e9e0bba07ac85416be0822cdce1') in 0.044740 seconds 
========================================================================
Received Import Request.
  Time since last request: 0.000036 seconds.
  path: Assets/Fantasy Swords (PBR)/Prefabs/Sword08_LowPoly.prefab
  artifactKey: Guid(065fd09e7a3979843bc2b9f96a0a50fe) Importer(815301076,1909f56bfc062723c751e8b465ee728b)
Start importing Assets/Fantasy Swords (PBR)/Prefabs/Sword08_LowPoly.prefab using Guid(065fd09e7a3979843bc2b9f96a0a50fe) Importer(815301076,1909f56bfc062723c751e8b465ee728b)  -> (artifact id: 'c6188015198dba0b0404a851ec942e8e') in 0.049910 seconds 
Editor requested this worker to shutdown with reason: Scaling down because of idle timeout
AssetImportWorkerClient::OnTransportError - code=2 error=End of file
AssetImportWorker is now disconnected from the server
Process exiting
Exiting without the bug reporter. Application will terminate with return code 0